2018-03-13 18:33:45,624  WARN [ModalContext] - ScalaProject - Project Kasino has platform default sourceLevel.
2018-03-13 18:33:45,624  WARN [ModalContext] - ScalaProject - Project Kasino runs on platform default installation.
2018-03-13 18:33:45,983  WARN [Worker-2] - ScalaProject - Project Kasino has platform default sourceLevel.
2018-03-13 18:33:45,983  WARN [Worker-2] - ScalaProject - Project Kasino runs on platform default installation.
2018-03-13 18:43:33,377  WARN [main] - ScalaProject - Project Kasino has platform default sourceLevel.
2018-03-13 18:43:33,377  WARN [main] - ScalaProject - Project Kasino runs on platform default installation.
2018-03-13 18:43:35,158  WARN [main] - ScalaProject - Project Kasino has platform default sourceLevel.
2018-03-13 18:43:35,158  WARN [main] - ScalaProject - Project Kasino runs on platform default installation.
2018-03-13 18:43:35,440  WARN [Worker-2] - ScalaProject - Project Kasino has platform default sourceLevel.
2018-03-13 18:43:35,440  WARN [Worker-2] - ScalaProject - Project Kasino runs on platform default installation.
2018-03-13 18:43:58,967  WARN [Worker-14] - ScalaProject - Project Kasino has platform default sourceLevel.
2018-03-13 18:43:58,967  WARN [Worker-14] - ScalaProject - Project Kasino runs on platform default installation.
2018-03-13 18:44:41,000  WARN [Worker-15] - ScalaProject - Project Kasino has platform default sourceLevel.
2018-03-13 18:44:41,000  WARN [Worker-15] - ScalaProject - Project Kasino runs on platform default installation.
2018-03-13 18:44:50,984  WARN [main] - ScalaProject - Project Kasino has platform default sourceLevel.
2018-03-13 18:44:50,984  WARN [main] - ScalaProject - Project Kasino runs on platform default installation.
2018-03-13 18:44:53,028  WARN [main] - ScalaProject - Project Kasino has platform default sourceLevel.
2018-03-13 18:44:53,028  WARN [main] - ScalaProject - Project Kasino runs on platform default installation.
2018-03-13 18:44:53,200  WARN [Worker-16] - ScalaProject - Project Kasino has platform default sourceLevel.
2018-03-13 18:44:53,200  WARN [Worker-16] - ScalaProject - Project Kasino runs on platform default installation.
2018-03-13 19:00:57,742  WARN [main] - ScalaProject - Project Kasino has platform default sourceLevel.
2018-03-13 19:00:57,742  WARN [main] - ScalaProject - Project Kasino runs on platform default installation.
2018-03-13 19:00:57,929  WARN [Worker-17] - ScalaProject - Project Kasino has platform default sourceLevel.
2018-03-13 19:00:57,929  WARN [Worker-17] - ScalaProject - Project Kasino runs on platform default installation.
2018-03-13 19:01:07,979  WARN [main] - ScalaProject - Project Kasino has platform default sourceLevel.
2018-03-13 19:01:07,979  WARN [main] - ScalaProject - Project Kasino runs on platform default installation.
2018-03-13 19:01:08,150  WARN [Worker-13] - ScalaProject - Project Kasino has platform default sourceLevel.
2018-03-13 19:01:08,150  WARN [Worker-13] - ScalaProject - Project Kasino runs on platform default installation.
2018-03-13 19:01:52,003  WARN [Worker-17] - ScalaProject - Project Kasino has platform default sourceLevel.
2018-03-13 19:01:52,003  WARN [Worker-17] - ScalaProject - Project Kasino runs on platform default installation.
2018-03-13 19:02:02,046  WARN [Worker-19] - ScalaProject - Project Kasino has platform default sourceLevel.
2018-03-13 19:02:02,046  WARN [Worker-19] - ScalaProject - Project Kasino runs on platform default installation.
2018-03-13 19:03:33,793  WARN [Worker-17] - ScalaProject - Project Kasino has platform default sourceLevel.
2018-03-13 19:03:33,793  WARN [Worker-17] - ScalaProject - Project Kasino runs on platform default installation.
2018-03-13 19:04:11,913  WARN [Worker-20] - ScalaProject - Project Kasino has platform default sourceLevel.
2018-03-13 19:04:11,913  WARN [Worker-20] - ScalaProject - Project Kasino runs on platform default installation.
2018-03-13 19:04:40,465  WARN [Worker-10] - ScalaProject - Project Kasino has platform default sourceLevel.
2018-03-13 19:04:40,465  WARN [Worker-10] - ScalaProject - Project Kasino runs on platform default installation.
2018-03-13 19:06:26,258  WARN [org.scalaide.ui.internal.reconciliation.ScalaReconciler] - TraverserImpl$ - Skipping annotation, position length = 0, position offset = 144
2018-03-13 19:08:21,203  WARN [Worker-10] - ScalaProject - Project Kasino has platform default sourceLevel.
2018-03-13 19:08:21,203  WARN [Worker-10] - ScalaProject - Project Kasino runs on platform default installation.
2018-03-13 19:08:41,591  WARN [Worker-10] - ScalaProject - Project Kasino has platform default sourceLevel.
2018-03-13 19:08:41,591  WARN [Worker-10] - ScalaProject - Project Kasino runs on platform default installation.
2018-03-13 19:08:43,857  WARN [Worker-18] - ScalaProject - Project Kasino has platform default sourceLevel.
2018-03-13 19:08:43,857  WARN [Worker-18] - ScalaProject - Project Kasino runs on platform default installation.
2018-03-13 19:09:18,173  WARN [Worker-10] - ScalaProject - Project Kasino has platform default sourceLevel.
2018-03-13 19:09:18,173  WARN [Worker-10] - ScalaProject - Project Kasino runs on platform default installation.
2018-03-13 19:09:37,860  WARN [Worker-20] - ScalaProject - Project Kasino has platform default sourceLevel.
2018-03-13 19:09:37,860  WARN [Worker-20] - ScalaProject - Project Kasino runs on platform default installation.
2018-03-13 19:22:25,047  WARN [main] - ScalaProject - Project Kasino has platform default sourceLevel.
2018-03-13 19:22:25,047  WARN [main] - ScalaProject - Project Kasino runs on platform default installation.
2018-03-13 19:22:25,047  WARN [main] - ScalaProject - Project Kasino has platform default sourceLevel.
2018-03-13 19:22:25,047  WARN [main] - ScalaProject - Project Kasino runs on platform default installation.
2018-03-13 19:25:46,731  WARN [Worker-4] - ScalaProject - Project Kasino has platform default sourceLevel.
2018-03-13 19:25:46,731  WARN [Worker-4] - ScalaProject - Project Kasino runs on platform default installation.
2018-03-13 19:25:46,778  WARN [Worker-4] - ScalaProject - Project Kasino has platform default sourceLevel.
2018-03-13 19:25:46,778  WARN [Worker-4] - ScalaProject - Project Kasino runs on platform default installation.
2018-03-13 19:27:15,787  WARN [Worker-2] - ScalaProject - Project Kasino has platform default sourceLevel.
2018-03-13 19:27:15,787  WARN [Worker-2] - ScalaProject - Project Kasino runs on platform default installation.
2018-03-13 21:26:19,645  WARN [main] - ScalaProject - Project Kasino has platform default sourceLevel.
2018-03-13 21:26:19,648  WARN [main] - ScalaProject - Project Kasino runs on platform default installation.
2018-03-13 21:26:19,653  WARN [main] - ScalaProject - Project Kasino has platform default sourceLevel.
2018-03-13 21:26:19,653  WARN [main] - ScalaProject - Project Kasino runs on platform default installation.
2018-03-13 21:30:21,547  WARN [main] - ScalaProject - Project Kasino has platform default sourceLevel.
2018-03-13 21:30:21,547  WARN [main] - ScalaProject - Project Kasino runs on platform default installation.
2018-03-13 21:30:22,024  WARN [Worker-0] - ScalaProject - Project Kasino has platform default sourceLevel.
2018-03-13 21:30:22,029  WARN [Worker-0] - ScalaProject - Project Kasino runs on platform default installation.
2018-03-13 21:30:22,073  WARN [Worker-0] - ScalaProject - Project Kasino has platform default sourceLevel.
2018-03-13 21:30:22,074  WARN [Worker-0] - ScalaProject - Project Kasino runs on platform default installation.
2018-03-13 21:30:28,815  WARN [Worker-13] - ScalaProject - Project Kasino has platform default sourceLevel.
2018-03-13 21:30:28,815  WARN [Worker-13] - ScalaProject - Project Kasino runs on platform default installation.
2018-03-13 21:30:38,101  WARN [main] - ScalaProject - Project Kasino has platform default sourceLevel.
2018-03-13 21:30:38,101  WARN [main] - ScalaProject - Project Kasino runs on platform default installation.
2018-03-13 21:30:38,349  WARN [Worker-8] - ScalaProject - Project Kasino has platform default sourceLevel.
2018-03-13 21:30:38,350  WARN [Worker-8] - ScalaProject - Project Kasino runs on platform default installation.
2018-03-13 21:31:26,449  WARN [Worker-8] - ScalaProject - Project Kasino has platform default sourceLevel.
2018-03-13 21:31:26,449  WARN [Worker-8] - ScalaProject - Project Kasino runs on platform default installation.
2018-03-13 21:32:03,302  WARN [Worker-12] - ScalaProject - Project Kasino has platform default sourceLevel.
2018-03-13 21:32:03,302  WARN [Worker-12] - ScalaProject - Project Kasino runs on platform default installation.
2018-03-13 21:32:25,555  WARN [Worker-12] - ScalaProject - Project Kasino has platform default sourceLevel.
2018-03-13 21:32:25,555  WARN [Worker-12] - ScalaProject - Project Kasino runs on platform default installation.
2018-03-13 21:51:23,621  WARN [Worker-19] - ScalaProject - Project Kasino has platform default sourceLevel.
2018-03-13 21:51:23,621  WARN [Worker-19] - ScalaProject - Project Kasino runs on platform default installation.
2018-03-14 10:24:12,718  WARN [main] - ScalaProject - Project Kasino has platform default sourceLevel.
2018-03-14 10:24:12,718  WARN [main] - ScalaProject - Project Kasino runs on platform default installation.
2018-03-14 10:24:12,718  WARN [main] - ScalaProject - Project Kasino has platform default sourceLevel.
2018-03-14 10:24:12,718  WARN [main] - ScalaProject - Project Kasino runs on platform default installation.
2018-04-06 17:20:18,401  WARN [main] - ScalaProject - Project Kasino has platform default sourceLevel.
2018-04-06 17:20:18,404  WARN [main] - ScalaProject - Project Kasino runs on platform default installation.
2018-04-06 17:20:18,411  WARN [main] - ScalaProject - Project Kasino has platform default sourceLevel.
2018-04-06 17:20:18,411  WARN [main] - ScalaProject - Project Kasino runs on platform default installation.
2018-04-06 18:21:32,820  WARN [Worker-14] - ScalaProject - Project Kasino has platform default sourceLevel.
2018-04-06 18:21:32,821  WARN [Worker-14] - ScalaProject - Project Kasino runs on platform default installation.
2018-04-06 18:21:32,845  WARN [Worker-14] - ScalaProject - Project Kasino has platform default sourceLevel.
2018-04-06 18:21:32,845  WARN [Worker-14] - ScalaProject - Project Kasino runs on platform default installation.
2018-04-06 18:21:33,082  WARN [org.scalaide.ui.internal.reconciliation.ScalaReconciler] - ScalaProject - Project Kasino has platform default sourceLevel.
2018-04-06 18:21:33,082  WARN [org.scalaide.ui.internal.reconciliation.ScalaReconciler] - ScalaProject - Project Kasino runs on platform default installation.
2018-04-06 18:21:33,730  WARN [org.scalaide.ui.internal.reconciliation.ScalaReconciler] - ImplicitHighlightingPresenter - Timeout while waiting for `askLoadedTyped` during semantic highlighting.
2018-04-06 18:21:33,933  WARN [org.scalaide.ui.internal.reconciliation.ScalaReconciler] - CustomSemanticAction - Timeout while waiting for `askLoadedTyped` during semantic highlighting.
